# JRE version: OpenJDK Runtime Environment (11.0.9.1+1) (build 11.0.9.1+1-Ubuntu-0ubuntu1.20.04)
# Java VM: OpenJDK 64-Bit Server VM (11.0.9.1+1-Ubuntu-0ubuntu1.20.04, mixed mode, sharing, tiered, compressed oops, g1 gc, linux-amd64)
Heap:
 garbage-first heap   total 65536K, used 20960K [0x00000000c2e00000, 0x0000000100000000)
  region size 1024K, 7 young (7168K), 2 survivors (2048K)
 Metaspace       used 3594K, capacity 5486K, committed 5632K, reserved 1056768K
  class space    used 316K, capacity 507K, committed 512K, reserved 1048576K
GC Heap History (6 events):
Event: 1.254 GC heap before
{Heap before GC invocations=0 (full 0):
 garbage-first heap   total 65536K, used 6856K [0x00000000c2e00000, 0x0000000100000000)
  region size 1024K, 7 young (7168K), 0 survivors (0K)
 Metaspace       used 605K, capacity 4520K, committed 4864K, reserved 1056768K
  class space    used 45K, capacity 398K, committed 512K, reserved 1048576K
}
Event: 1.274 GC heap after
{Heap after GC invocations=1 (full 0):
 garbage-first heap   total 65536K, used 5381K [0x00000000c2e00000, 0x0000000100000000)
  region size 1024K, 1 young (1024K), 1 survivors (1024K)
 Metaspace       used 605K, capacity 4520K, committed 4864K, reserved 1056768K
  class space    used 45K, capacity 398K, committed 512K, reserved 1048576K
}
Event: 1.411 GC heap before
{Heap before GC invocations=1 (full 0):
 garbage-first heap   total 65536K, used 9477K [0x00000000c2e00000, 0x0000000100000000)
  region size 1024K, 5 young (5120K), 1 survivors (1024K)
 Metaspace       used 717K, capacity 4520K, committed 4864K, reserved 1056768K
  class space    used 48K, capacity 398K, committed 512K, reserved 1048576K
}
Event: 1.433 GC heap after
{Heap after GC invocations=2 (full 0):
 garbage-first heap   total 65536K, used 8603K [0x00000000c2e00000, 0x0000000100000000)
  region size 1024K, 1 young (1024K), 1 survivors (1024K)
 Metaspace       used 717K, capacity 4520K, committed 4864K, reserved 1056768K
  class space    used 48K, capacity 398K, committed 512K, reserved 1048576K
}
Event: 2.840 GC heap before
{Heap before GC invocations=2 (full 0):
 garbage-first heap   total 65536K, used 21915K [0x00000000c2e00000, 0x0000000100000000)
  region size 1024K, 10 young (10240K), 1 survivors (1024K)
 Metaspace       used 2988K, capacity 4846K, committed 5120K, reserved 1056768K
  class space    used 259K, capacity 443K, committed 512K, reserved 1048576K
}
Event: 2.856 GC heap after
{Heap after GC invocations=3 (full 0):
 garbage-first heap   total 65536K, used 17888K [0x00000000c2e00000, 0x0000000100000000)
  region size 1024K, 2 young (2048K), 2 survivors (2048K)
 Metaspace       used 2988K, capacity 4846K, committed 5120K, reserved 1056768K
  class space    used 259K, capacity 443K, committed 512K, reserved 1048576K
}

